Configuring aeson-1.4.2.0...
Preprocessing library for aeson-1.4.2.0..
Building library for aeson-1.4.2.0..
[ 1 of 25] Compiling Data.Aeson.Compat
[ 2 of 25] Compiling Data.Aeson.Internal.Functions
[ 3 of 25] Compiling Data.Aeson.Parser.UnescapePure
[ 4 of 25] Compiling Data.Aeson.Parser.Unescape
[ 5 of 25] Compiling Data.Aeson.Types.Generic
[ 6 of 25] Compiling Data.Aeson.Types.Internal
[ 7 of 25] Compiling Data.Aeson.Parser.Internal
[ 8 of 25] Compiling Data.Aeson.Parser
[ 9 of 25] Compiling Data.Attoparsec.Time.Internal

attoparsec-iso8601/Data/Attoparsec/Time/Internal.hs:24:1: warning: [-Wunused-imports]
    The import of ‘Unsafe.Coerce’ is redundant
      except perhaps to import instances from ‘Unsafe.Coerce’
    To import instances alone, use: import Unsafe.Coerce()
   |
24 | import Unsafe.Coerce (unsafeCoerce)
   | ^^^^^^^^^^^^^^^^^^^^^^^^^^^^^^^^^^^
[10 of 25] Compiling Data.Attoparsec.Time
[11 of 25] Compiling Data.Aeson.Parser.Time
[12 of 25] Compiling Data.Aeson.Types.FromJSON

Data/Aeson/Types/FromJSON.hs:479:3: warning: [-Winline-rule-shadowing]
    Rule "FromJSONKeyCoerce: fmap id" may never fire
      because ‘id’ might inline first
    Probable fix: add an INLINE[n] or NOINLINE[n] pragma for ‘id’
    |
479 |   "FromJSONKeyCoerce: fmap id"     forall (x :: FromJSONKeyFunction a).
    |   ^^^^^^^^^^^^^^^^^^^^^^^^^^^^^^^^^^^^^^^^^^^^^^^^^^^^^^^^^^^^^^^^^^^^^...
[13 of 25] Compiling Data.Aeson.Internal
[14 of 25] Compiling Data.Aeson.Internal.Time
[15 of 25] Compiling Data.Aeson.Encoding.Builder
[16 of 25] Compiling Data.Aeson.Encoding.Internal
[17 of 25] Compiling Data.Aeson.Encoding
[18 of 25] Compiling Data.Aeson.Types.ToJSON
[19 of 25] Compiling Data.Aeson.Types.Class
[20 of 25] Compiling Data.Aeson.Types
[21 of 25] Compiling Data.Aeson.Text
[22 of 25] Compiling Data.Aeson
[23 of 25] Compiling Data.Aeson.TH
[24 of 25] Compiling Data.Aeson.QQ.Simple
[25 of 25] Compiling Data.Aeson.Encode
Installing library in /Users/mario/.stack/snapshots/x86_64-osx/d3e7af164d733ff8884728e5e4645879ab1ea6706d42eeca81ff0651336051ff/8.6.5/lib/x86_64-osx-ghc-8.6.5/aeson-1.4.2.0-CD2t6teVNgAIuuNYZF3r8A
Registering library for aeson-1.4.2.0..
