Configuring attoparsec-0.13.2.2...
Preprocessing library for attoparsec-0.13.2.2..
Building library for attoparsec-0.13.2.2..
[ 1 of 21] Compiling Data.Attoparsec.ByteString.FastSet
[ 2 of 21] Compiling Data.Attoparsec.Internal.Fhthagn
[ 3 of 21] Compiling Data.Attoparsec.ByteString.Buffer
[ 4 of 21] Compiling Data.Attoparsec.Number
[ 5 of 21] Compiling Data.Attoparsec.Text.Buffer
[ 6 of 21] Compiling Data.Attoparsec.Internal.Types
[ 7 of 21] Compiling Data.Attoparsec.Internal
[ 8 of 21] Compiling Data.Attoparsec.Text.FastSet
[ 9 of 21] Compiling Data.Attoparsec.Types
[10 of 21] Compiling Data.Attoparsec.Zepto
[11 of 21] Compiling Data.Attoparsec.Combinator
[12 of 21] Compiling Data.Attoparsec.Text.Internal
[13 of 21] Compiling Data.Attoparsec.Text
[14 of 21] Compiling Data.Attoparsec.Text.Lazy
[15 of 21] Compiling Data.Attoparsec.ByteString.Internal
[16 of 21] Compiling Data.Attoparsec.ByteString
[17 of 21] Compiling Data.Attoparsec.ByteString.Lazy
[18 of 21] Compiling Data.Attoparsec.Lazy
[19 of 21] Compiling Data.Attoparsec.ByteString.Char8
[20 of 21] Compiling Data.Attoparsec.Char8
[21 of 21] Compiling Data.Attoparsec
Installing library in /Users/mario/.stack/snapshots/x86_64-osx/d3e7af164d733ff8884728e5e4645879ab1ea6706d42eeca81ff0651336051ff/8.6.5/lib/x86_64-osx-ghc-8.6.5/attoparsec-0.13.2.2-6XZWdvg7dAKGuzy18iXIM3
Registering library for attoparsec-0.13.2.2..
