Configuring Cabal-2.4.1.0...
Preprocessing library for Cabal-2.4.1.0..
Building library for Cabal-2.4.1.0..
[  1 of 220] Compiling Distribution.Compat.Binary
[  2 of 220] Compiling Distribution.Compat.Directory
[  3 of 220] Compiling Distribution.Compat.Exception
[  4 of 220] Compiling Distribution.Compat.Internal.TempFile
[  5 of 220] Compiling Distribution.Compat.MonadFail
[  6 of 220] Compiling Distribution.Compat.Newtype
[  7 of 220] Compiling Distribution.Compat.Semigroup
[  8 of 220] Compiling Distribution.Compat.Stack
[  9 of 220] Compiling Distribution.Compat.Prelude
[ 10 of 220] Compiling Distribution.Compat.SnocList
[ 11 of 220] Compiling Distribution.Compat.ReadP
[ 12 of 220] Compiling Distribution.Compat.Prelude.Internal
[ 13 of 220] Compiling Distribution.Compat.Parsing
[ 14 of 220] Compiling Distribution.Compat.Graph
[ 15 of 220] Compiling Distribution.Compat.GetShortPathName
[ 16 of 220] Compiling Distribution.Compat.DList
[ 17 of 220] Compiling Distribution.Compat.Lens
[ 18 of 220] Compiling Distribution.Compat.CopyFile
[ 19 of 220] Compiling Distribution.Compat.CharParsing
[ 20 of 220] Compiling Distribution.CabalSpecVersion
[ 21 of 220] Compiling Distribution.Compat.Environment
[ 22 of 220] Compiling Distribution.Compat.CreatePipe
[ 23 of 220] Compiling Distribution.GetOpt
[ 24 of 220] Compiling Distribution.Lex
[ 25 of 220] Compiling Distribution.PackageDescription.Quirks
[ 26 of 220] Compiling Distribution.PackageDescription.Utils
[ 27 of 220] Compiling Distribution.Parsec.Common
[ 28 of 220] Compiling Distribution.Parsec.Field
[ 29 of 220] Compiling Distribution.Parsec.LexerMonad
[ 30 of 220] Compiling Distribution.Parsec.Lexer
[ 31 of 220] Compiling Distribution.Parsec.Parser
[ 32 of 220] Compiling Distribution.Pretty
[ 33 of 220] Compiling Distribution.SPDX.LicenseListVersion
[ 34 of 220] Compiling Distribution.Simple.CCompiler
[ 35 of 220] Compiling Distribution.Simple.Flag
[ 36 of 220] Compiling Distribution.Simple.PreProcess.Unlit
[ 37 of 220] Compiling Distribution.Simple.Program.Internal
[ 38 of 220] Compiling Distribution.TestSuite
[ 39 of 220] Compiling Distribution.Types.Condition
[ 40 of 220] Compiling Distribution.Types.CondTree
[ 41 of 220] Compiling Distribution.Utils.Base62
[ 42 of 220] Compiling Distribution.Utils.IOData
[ 43 of 220] Compiling Distribution.Utils.MapAccum
[ 44 of 220] Compiling Distribution.Utils.Progress
[ 45 of 220] Compiling Distribution.Utils.String
[ 46 of 220] Compiling Distribution.Utils.ShortText
[ 47 of 220] Compiling Distribution.Utils.Generic
[ 48 of 220] Compiling Distribution.Parsec.FieldLineStream
[ 49 of 220] Compiling Distribution.Parsec.Class
[ 50 of 220] Compiling Distribution.Text
[ 51 of 220] Compiling Distribution.Types.Version
[ 52 of 220] Compiling Distribution.Types.VersionRange
[ 53 of 220] Compiling Distribution.Types.VersionInterval
[ 54 of 220] Compiling Distribution.Types.SourceRepo
[ 55 of 220] Compiling Distribution.Types.SourceRepo.Lens
[ 56 of 220] Compiling Distribution.Types.PkgconfigName
[ 57 of 220] Compiling Distribution.Types.ForeignLibType
[ 58 of 220] Compiling Distribution.Types.ForeignLibOption
[ 59 of 220] Compiling Distribution.Types.ExecutableScope
[ 60 of 220] Compiling Distribution.Types.ComponentId
[ 61 of 220] Compiling Distribution.Types.BuildType
[ 62 of 220] Compiling Distribution.Types.AbiHash
[ 63 of 220] Compiling Distribution.System
[ 64 of 220] Compiling Distribution.SPDX.LicenseReference
[ 65 of 220] Compiling Distribution.SPDX.LicenseId
[ 66 of 220] Compiling Distribution.SPDX.LicenseExceptionId
[ 67 of 220] Compiling Distribution.SPDX.LicenseExpression
[ 68 of 220] Compiling Distribution.SPDX.License
[ 69 of 220] Compiling Distribution.SPDX
[ 70 of 220] Compiling Distribution.ReadE
[ 71 of 220] Compiling Distribution.ModuleName
[ 72 of 220] Compiling Distribution.Types.ModuleRenaming
[ 73 of 220] Compiling Distribution.Types.IncludeRenaming
[ 74 of 220] Compiling Distribution.FieldGrammar.Class
[ 75 of 220] Compiling Distribution.Utils.UnionFind
[ 76 of 220] Compiling Distribution.Verbosity
[ 77 of 220] Compiling Distribution.Version
[ 78 of 220] Compiling Distribution.Types.TestType
[ 79 of 220] Compiling Distribution.Types.TestSuiteInterface
[ 80 of 220] Compiling Distribution.Types.PkgconfigDependency
[ 81 of 220] Compiling Distribution.Types.BenchmarkType
[ 82 of 220] Compiling Distribution.Types.BenchmarkInterface
[ 83 of 220] Compiling Distribution.License
[ 84 of 220] Compiling Language.Haskell.Extension
[ 85 of 220] Compiling Distribution.Compiler
[ 86 of 220] Compiling Distribution.Parsec.Newtypes
[ 87 of 220] Compiling Distribution.ParseUtils
[ 88 of 220] Compiling Distribution.Types.PackageName
[ 89 of 220] Compiling Distribution.Types.UnqualComponentName
[ 90 of 220] Compiling Distribution.Types.ComponentName
[ 91 of 220] Compiling Distribution.Types.PackageId
[ 92 of 220] Compiling Distribution.Types.UnitId
[ 93 of 220] Compiling Distribution.Types.Module
[ 94 of 220] Compiling Distribution.Backpack
[ 95 of 220] Compiling Distribution.Backpack.ModSubst
[ 96 of 220] Compiling Distribution.Backpack.FullUnitId
[ 97 of 220] Compiling Distribution.Types.PackageId.Lens
[ 98 of 220] Compiling Distribution.Types.ModuleReexport
[ 99 of 220] Compiling Distribution.Types.Mixin
[100 of 220] Compiling Distribution.Types.ExeDependency
[101 of 220] Compiling Distribution.Types.Dependency
[102 of 220] Compiling Distribution.Types.SetupBuildInfo
[103 of 220] Compiling Distribution.Types.SetupBuildInfo.Lens
[104 of 220] Compiling Distribution.Types.DependencyMap
[105 of 220] Compiling Distribution.Backpack.ModuleScope
[106 of 220] Compiling Distribution.Types.MungedPackageName
[107 of 220] Compiling Distribution.Types.MungedPackageId
[108 of 220] Compiling Distribution.Package
[109 of 220] Compiling Distribution.Types.AnnotatedId
[110 of 220] Compiling Distribution.Types.ComponentInclude
[111 of 220] Compiling Distribution.Types.AbiDependency
[112 of 220] Compiling Distribution.Simple.InstallDirs
[113 of 220] Compiling Distribution.Types.LegacyExeDependency
[114 of 220] Compiling Distribution.Types.BuildInfo
[115 of 220] Compiling Distribution.Types.HookedBuildInfo
[116 of 220] Compiling Distribution.Types.BuildInfo.Lens
[117 of 220] Compiling Distribution.Types.TestSuite
[118 of 220] Compiling Distribution.Types.TestSuite.Lens
[119 of 220] Compiling Distribution.Types.Library
[120 of 220] Compiling Distribution.Types.Library.Lens
[121 of 220] Compiling Distribution.Types.ForeignLib
[122 of 220] Compiling Distribution.Types.ForeignLib.Lens
[123 of 220] Compiling Distribution.Types.Executable
[124 of 220] Compiling Distribution.Types.Executable.Lens
[125 of 220] Compiling Distribution.Types.Benchmark
[126 of 220] Compiling Distribution.Types.Component
[127 of 220] Compiling Distribution.Types.ComponentRequestedSpec
[128 of 220] Compiling Distribution.Types.PackageDescription
[129 of 220] Compiling Distribution.Types.GenericPackageDescription
[130 of 220] Compiling Distribution.Types.GenericPackageDescription.Lens
[131 of 220] Compiling Distribution.Types.Benchmark.Lens
[132 of 220] Compiling Distribution.Types.PackageDescription.Lens
[133 of 220] Compiling Distribution.Types.Lens
[134 of 220] Compiling Distribution.PackageDescription
[135 of 220] Compiling Distribution.Simple.BuildToolDepends
[136 of 220] Compiling Distribution.Types.ExposedModule
[137 of 220] Compiling Distribution.Types.InstalledPackageInfo
[138 of 220] Compiling Distribution.Types.InstalledPackageInfo.Lens
[139 of 220] Compiling Distribution.PrettyUtils
[140 of 220] Compiling Paths_Cabal
[141 of 220] Compiling Distribution.Simple.Utils
[142 of 220] Compiling Distribution.Utils.NubList
[143 of 220] Compiling Distribution.Utils.LogProgress
[144 of 220] Compiling Distribution.Simple.Program.ResponseFile
[145 of 220] Compiling Distribution.Simple.Program.Find
[146 of 220] Compiling Distribution.Simple.Program.Types
[147 of 220] Compiling Distribution.Simple.Program.Run
[148 of 220] Compiling Distribution.Simple.Program.Script
[149 of 220] Compiling Distribution.Simple.Program.Hpc
[150 of 220] Compiling Distribution.Simple.Glob
[151 of 220] Compiling Distribution.Simple.Compiler
[152 of 220] Compiling Distribution.Simple.GHC.ImplInfo
[153 of 220] Compiling Distribution.Simple.Program.GHC
[154 of 220] Compiling Distribution.Simple.Program.Builtin
[155 of 220] Compiling Distribution.Simple.Program.Db
[156 of 220] Compiling Distribution.Simple.Program
[157 of 220] Compiling Distribution.Simple.Program.Strip
[158 of 220] Compiling Distribution.Simple.Command
[159 of 220] Compiling Distribution.Simple.Setup
[160 of 220] Compiling Distribution.Parsec.ParseResult
[161 of 220] Compiling Distribution.Parsec.ConfVar
[162 of 220] Compiling Distribution.PackageDescription.Configuration
[163 of 220] Compiling Distribution.Make
[164 of 220] Compiling Distribution.FieldGrammar.Pretty
[165 of 220] Compiling Distribution.FieldGrammar.Parsec
[166 of 220] Compiling Distribution.FieldGrammar
[167 of 220] Compiling Distribution.PackageDescription.FieldGrammar
[168 of 220] Compiling Distribution.PackageDescription.PrettyPrint
[169 of 220] Compiling Distribution.PackageDescription.Parsec
[170 of 220] Compiling Distribution.FieldGrammar.FieldDescrs
[171 of 220] Compiling Distribution.Types.InstalledPackageInfo.FieldGrammar
[172 of 220] Compiling Distribution.InstalledPackageInfo
[173 of 220] Compiling Distribution.Types.ComponentLocalBuildInfo
[174 of 220] Compiling Distribution.Types.TargetInfo
[175 of 220] Compiling Distribution.Simple.Program.HcPkg
[176 of 220] Compiling Distribution.Simple.PackageIndex
[177 of 220] Compiling Distribution.Types.LocalBuildInfo
[178 of 220] Compiling Distribution.Simple.LocalBuildInfo
[179 of 220] Compiling Distribution.Simple.Test.Log
[180 of 220] Compiling Distribution.Simple.Program.Ld
[181 of 220] Compiling Distribution.Simple.Program.Ar
[182 of 220] Compiling Distribution.Simple.Hpc
[183 of 220] Compiling Distribution.Simple.BuildTarget
[184 of 220] Compiling Distribution.Simple.BuildPaths
[185 of 220] Compiling Distribution.Simple.UHC
[186 of 220] Compiling Distribution.PackageDescription.Check
[187 of 220] Compiling Distribution.Simple.Build.PathsModule
[188 of 220] Compiling Distribution.Simple.Test.LibV09
[189 of 220] Compiling Distribution.Simple.Test.ExeV10
[190 of 220] Compiling Distribution.Simple.Build.Macros
[191 of 220] Compiling Distribution.Backpack.Id
[192 of 220] Compiling Distribution.Backpack.ConfiguredComponent
[193 of 220] Compiling Distribution.Backpack.ComponentsGraph
[194 of 220] Compiling Distribution.Simple.HaskellSuite
[195 of 220] Compiling Distribution.Simple.GHC.Internal
[196 of 220] Compiling Distribution.Simple.GHCJS
[197 of 220] Compiling Distribution.Simple.GHC.EnvironmentParser
[198 of 220] Compiling Distribution.Simple.GHC
[199 of 220] Compiling Distribution.Simple.Install
[200 of 220] Compiling Distribution.Backpack.ModuleShape
[201 of 220] Compiling Distribution.Backpack.UnifyM
[202 of 220] Compiling Distribution.Backpack.MixLink
[203 of 220] Compiling Distribution.Backpack.PreModuleShape
[204 of 220] Compiling Distribution.Backpack.PreExistingComponent
[205 of 220] Compiling Distribution.Backpack.LinkedComponent
[206 of 220] Compiling Distribution.Compat.Time
[207 of 220] Compiling Distribution.Backpack.ReadyComponent
[208 of 220] Compiling Distribution.Backpack.Configure
[209 of 220] Compiling Distribution.Backpack.DescribeUnitId
[210 of 220] Compiling Distribution.Simple.Register
[211 of 220] Compiling Distribution.Simple.PreProcess
[212 of 220] Compiling Distribution.Simple.UserHooks
[213 of 220] Compiling Distribution.Simple.Test
[214 of 220] Compiling Distribution.Simple.Bench
[215 of 220] Compiling Distribution.Simple.SrcDist
[216 of 220] Compiling Distribution.Simple.Configure
[217 of 220] Compiling Distribution.Simple.Build
[218 of 220] Compiling Distribution.Simple.Haddock
[219 of 220] Compiling Distribution.Simple.Doctest
[220 of 220] Compiling Distribution.Simple
