Configuring clock-0.7.2...
Preprocessing library for clock-0.7.2..
Clock.hsc:44:9: warning: 'hsc_alignment' macro redefined [-Wmacro-redefined]
#define hsc_alignment(t ) hsc_printf ( "%lu", (unsigned long)offsetof(struct {char x__; t (y__); }, y__));
        ^
/Users/mario/.stack/programs/x86_64-osx/ghc-8.6.5/lib/ghc-8.6.5/template-hsc.h:91:9: note: previous definition is here
#define hsc_alignment(x...)                                           \
        ^
1 warning generated.
Building library for clock-0.7.2..
[1 of 1] Compiling System.Clock

System/Clock.hsc:136:1: warning: [-Wincomplete-patterns]
    Pattern match(es) are non-exhaustive
    In an equation for ‘clockToConst’:
        Patterns not matched: MonotonicRaw
    |
136 | clockToConst Monotonic = #const SYSTEM_CLOCK
    | ^^^^^^^^^^^^^^^^^^^^^^^^^^^^^^^^^^^^^^^^^^^^...
Installing library in /Users/mario/.stack/snapshots/x86_64-osx/d3e7af164d733ff8884728e5e4645879ab1ea6706d42eeca81ff0651336051ff/8.6.5/lib/x86_64-osx-ghc-8.6.5/clock-0.7.2-DpdvDKMysiO5fhuByT1Vyj
Registering library for clock-0.7.2..
