[1 of 2] Compiling Main             ( /private/var/folders/z8/6381qc4x4q7fhjf52d4c8km00000gn/T/stack525/lens-4.17.1/Setup.lhs, /private/var/folders/z8/6381qc4x4q7fhjf52d4c8km00000gn/T/stack525/lens-4.17.1/.stack-work/dist/x86_64-osx/Cabal-2.4.0.1/setup/Main.o )
[2 of 2] Compiling StackSetupShim   ( /Users/mario/.stack/setup-exe-src/setup-shim-mPHDZzAJ.hs, /private/var/folders/z8/6381qc4x4q7fhjf52d4c8km00000gn/T/stack525/lens-4.17.1/.stack-work/dist/x86_64-osx/Cabal-2.4.0.1/setup/StackSetupShim.o )
Linking /private/var/folders/z8/6381qc4x4q7fhjf52d4c8km00000gn/T/stack525/lens-4.17.1/.stack-work/dist/x86_64-osx/Cabal-2.4.0.1/setup/setup ...
Configuring lens-4.17.1...
Preprocessing library for lens-4.17.1..
Building library for lens-4.17.1..
[ 1 of 83] Compiling Control.Lens.Internal.CTypes
[ 2 of 83] Compiling Control.Lens.Internal.Coerce
[ 3 of 83] Compiling Control.Lens.Internal.Getter
[ 4 of 83] Compiling Control.Lens.Internal.Fold
[ 5 of 83] Compiling Control.Lens.Internal.Instances
[ 6 of 83] Compiling Control.Lens.Internal.Indexed
[ 7 of 83] Compiling Control.Lens.Internal.Context
[ 8 of 83] Compiling Control.Lens.Internal.Bazaar
[ 9 of 83] Compiling Control.Lens.Internal.Iso
[10 of 83] Compiling Control.Lens.Internal.Level
[11 of 83] Compiling Control.Lens.Internal.List
[12 of 83] Compiling Control.Lens.Internal.Magma
[13 of 83] Compiling Control.Lens.Internal.Prism
[14 of 83] Compiling Control.Lens.Internal.Review
[15 of 83] Compiling Control.Lens.Internal.Setter
[16 of 83] Compiling Control.Lens.Internal.TH
[17 of 83] Compiling Control.Lens.Internal.Zoom
[18 of 83] Compiling Control.Lens.Internal
[19 of 83] Compiling Control.Lens.Type
[20 of 83] Compiling Control.Lens.Setter
[21 of 83] Compiling Control.Lens.Lens
[22 of 83] Compiling Control.Lens.Tuple
[23 of 83] Compiling Control.Lens.Getter
[24 of 83] Compiling Control.Lens.Review
[25 of 83] Compiling Control.Lens.Prism
[26 of 83] Compiling Control.Lens.Fold
[27 of 83] Compiling Control.Lens.Traversal
[28 of 83] Compiling Control.Lens.Level
[29 of 83] Compiling Control.Lens.Reified
[30 of 83] Compiling Control.Lens.Internal.Exception
[31 of 83] Compiling Control.Lens.Indexed
[32 of 83] Compiling Control.Lens.Internal.ByteString
[33 of 83] Compiling Control.Lens.Equality
[34 of 83] Compiling Control.Lens.Iso
[35 of 83] Compiling Control.Lens.Empty
[36 of 83] Compiling Control.Lens.Cons
[37 of 83] Compiling Control.Lens.Internal.Deque
[38 of 83] Compiling Control.Lens.Wrapped
[39 of 83] Compiling Control.Lens.Zoom
[40 of 83] Compiling Data.Data.Lens
[41 of 83] Compiling Control.Lens.Plated
[42 of 83] Compiling Data.HashSet.Lens
[43 of 83] Compiling Data.Map.Lens
[44 of 83] Compiling Data.Set.Lens
[45 of 83] Compiling Data.Text.Lazy.Lens
[46 of 83] Compiling Data.Text.Strict.Lens
[47 of 83] Compiling Data.Text.Lens
[48 of 83] Compiling Data.Vector.Generic.Lens
[49 of 83] Compiling Control.Lens.Each
[50 of 83] Compiling Control.Lens.At
[51 of 83] Compiling Language.Haskell.TH.Lens
[52 of 83] Compiling Control.Lens.Internal.PrismTH
[53 of 83] Compiling Control.Lens.Internal.FieldTH
[54 of 83] Compiling Control.Lens.TH
[55 of 83] Compiling Control.Lens
[56 of 83] Compiling GHC.Generics.Lens
[57 of 83] Compiling Data.Vector.Lens
[58 of 83] Compiling Data.Typeable.Lens
[59 of 83] Compiling Data.Tree.Lens
[60 of 83] Compiling Data.Sequence.Lens
[61 of 83] Compiling Data.List.Lens
[62 of 83] Compiling Data.IntSet.Lens
[63 of 83] Compiling Data.Complex.Lens
[64 of 83] Compiling Data.ByteString.Strict.Lens
[65 of 83] Compiling Data.ByteString.Lazy.Lens
[66 of 83] Compiling Data.ByteString.Lens
[67 of 83] Compiling Data.Bits.Lens
[68 of 83] Compiling Data.Array.Lens
[69 of 83] Compiling Control.Seq.Lens
[70 of 83] Compiling Control.Parallel.Strategies.Lens
[71 of 83] Compiling Control.Monad.Error.Lens
[72 of 83] Compiling Control.Lens.Unsound
[73 of 83] Compiling Control.Lens.Operators
[74 of 83] Compiling Control.Lens.Extras
[75 of 83] Compiling Control.Lens.Combinators
[76 of 83] Compiling Control.Exception.Lens
[77 of 83] Compiling Data.Dynamic.Lens
[78 of 83] Compiling Numeric.Lens
[79 of 83] Compiling Numeric.Natural.Lens
[80 of 83] Compiling Paths_lens
[81 of 83] Compiling System.Exit.Lens
[82 of 83] Compiling System.FilePath.Lens
[83 of 83] Compiling System.IO.Error.Lens
Installing library in /Users/mario/.stack/snapshots/x86_64-osx/d3e7af164d733ff8884728e5e4645879ab1ea6706d42eeca81ff0651336051ff/8.6.5/lib/x86_64-osx-ghc-8.6.5/lens-4.17.1-9ZQcPEeAV29BBNLRLJ3AdD
Registering library for lens-4.17.1..
