[1 of 2] Compiling Main             ( /private/var/folders/z8/6381qc4x4q7fhjf52d4c8km00000gn/T/stack525/linear-1.20.9/Setup.lhs, /private/var/folders/z8/6381qc4x4q7fhjf52d4c8km00000gn/T/stack525/linear-1.20.9/.stack-work/dist/x86_64-osx/Cabal-2.4.0.1/setup/Main.o )
[2 of 2] Compiling StackSetupShim   ( /Users/mario/.stack/setup-exe-src/setup-shim-mPHDZzAJ.hs, /private/var/folders/z8/6381qc4x4q7fhjf52d4c8km00000gn/T/stack525/linear-1.20.9/.stack-work/dist/x86_64-osx/Cabal-2.4.0.1/setup/StackSetupShim.o )
Linking /private/var/folders/z8/6381qc4x4q7fhjf52d4c8km00000gn/T/stack525/linear-1.20.9/.stack-work/dist/x86_64-osx/Cabal-2.4.0.1/setup/setup ...
Configuring linear-1.20.9...
Preprocessing library for linear-1.20.9..
Building library for linear-1.20.9..
[ 1 of 22] Compiling Linear.Binary
[ 2 of 22] Compiling Linear.Conjugate
[ 3 of 22] Compiling Linear.Epsilon
[ 4 of 22] Compiling Linear.Instances
[ 5 of 22] Compiling Linear.Vector
[ 6 of 22] Compiling Linear.Metric
[ 7 of 22] Compiling Linear.V
[ 8 of 22] Compiling Linear.V1
[ 9 of 22] Compiling Linear.V2
[10 of 22] Compiling Linear.V3
[11 of 22] Compiling Linear.V4
[12 of 22] Compiling Linear.V0
[13 of 22] Compiling Linear.Quaternion
[14 of 22] Compiling Linear.Plucker
[15 of 22] Compiling Linear.Trace
[16 of 22] Compiling Linear.Plucker.Coincides
[17 of 22] Compiling Linear.Matrix
[18 of 22] Compiling Linear.Projection
[19 of 22] Compiling Linear.Algebra
[20 of 22] Compiling Linear.Covector
[21 of 22] Compiling Linear.Affine
[22 of 22] Compiling Linear
Installing library in /Users/mario/.stack/snapshots/x86_64-osx/d3e7af164d733ff8884728e5e4645879ab1ea6706d42eeca81ff0651336051ff/8.6.5/lib/x86_64-osx-ghc-8.6.5/linear-1.20.9-CJOJcEOdQ5Um0KJZ2oGIC
Registering library for linear-1.20.9..
