Configuring matrix-0.3.6.1...
Preprocessing library for matrix-0.3.6.1..
Building library for matrix-0.3.6.1..
[1 of 1] Compiling Data.Matrix

Data/Matrix.hs:79:1: warning: [-Wunused-imports]
    The import of ‘Data.Monoid’ is redundant
      except perhaps to import instances from ‘Data.Monoid’
    To import instances alone, use: import Data.Monoid()
   |
79 | import Data.Monoid
   | ^^^^^^^^^^^^^^^^^^

Data/Matrix.hs:81:1: warning: [-Wunused-imports]
    The import of ‘Data.Traversable’ is redundant
      except perhaps to import instances from ‘Data.Traversable’
    To import instances alone, use: import Data.Traversable()
   |
81 | import Data.Traversable
   | ^^^^^^^^^^^^^^^^^^^^^^^

Data/Matrix.hs:1364:1: warning: [-Winline-rule-shadowing]
    Rule "matrix/traceOfSum" may never fire
      because ‘trace’ might inline first
    Probable fix: add an INLINE[n] or NOINLINE[n] pragma for ‘trace’
     |
1364 | "matrix/traceOfSum"
     | ^^^^^^^^^^^^^^^^^^^...

Data/Matrix.hs:1364:1: warning: [-Winline-rule-shadowing]
    Rule "matrix/traceOfSum" may never fire
      because rule "Class op +" for ‘+’ might fire first
    Probable fix: add phase [n] or [~n] to the competing rule
     |
1364 | "matrix/traceOfSum"
     | ^^^^^^^^^^^^^^^^^^^...

Data/Matrix.hs:1367:1: warning: [-Winline-rule-shadowing]
    Rule "matrix/traceOfScale" may never fire
      because ‘trace’ might inline first
    Probable fix: add an INLINE[n] or NOINLINE[n] pragma for ‘trace’
     |
1367 | "matrix/traceOfScale"
     | ^^^^^^^^^^^^^^^^^^^^^...

Data/Matrix.hs:1367:1: warning: [-Winline-rule-shadowing]
    Rule "matrix/traceOfScale" may never fire
      because ‘scaleMatrix’ might inline first
    Probable fix: add an INLINE[n] or NOINLINE[n] pragma for ‘scaleMatrix’
     |
1367 | "matrix/traceOfScale"
     | ^^^^^^^^^^^^^^^^^^^^^...

Data/Matrix.hs:1392:1: warning: [-Winline-rule-shadowing]
    Rule "matrix/detLaplaceProduct" may never fire
      because ‘detLaplace’ might inline first
    Probable fix: add an INLINE[n] or NOINLINE[n] pragma for ‘detLaplace’
     |
1392 | "matrix/detLaplaceProduct"
     | ^^^^^^^^^^^^^^^^^^^^^^^^^^...

Data/Matrix.hs:1392:1: warning: [-Winline-rule-shadowing]
    Rule "matrix/detLaplaceProduct" may never fire
      because rule "Class op *" for ‘*’ might fire first
    Probable fix: add phase [n] or [~n] to the competing rule
     |
1392 | "matrix/detLaplaceProduct"
     | ^^^^^^^^^^^^^^^^^^^^^^^^^^...

Data/Matrix.hs:1395:1: warning: [-Winline-rule-shadowing]
    Rule "matrix/detLUProduct" may never fire
      because ‘detLU’ might inline first
    Probable fix: add an INLINE[n] or NOINLINE[n] pragma for ‘detLU’
     |
1395 | "matrix/detLUProduct"
     | ^^^^^^^^^^^^^^^^^^^^^...

Data/Matrix.hs:1395:1: warning: [-Winline-rule-shadowing]
    Rule "matrix/detLUProduct" may never fire
      because rule "Class op *" for ‘*’ might fire first
    Probable fix: add phase [n] or [~n] to the competing rule
     |
1395 | "matrix/detLUProduct"
     | ^^^^^^^^^^^^^^^^^^^^^...
Installing library in /Users/mario/.stack/snapshots/x86_64-osx/d3e7af164d733ff8884728e5e4645879ab1ea6706d42eeca81ff0651336051ff/8.6.5/lib/x86_64-osx-ghc-8.6.5/matrix-0.3.6.1-Bl3ePzCM2FT6cOlSrFomIM
Registering library for matrix-0.3.6.1..
