Configuring mono-traversable-1.0.11.0...
Preprocessing library for mono-traversable-1.0.11.0..
Building library for mono-traversable-1.0.11.0..
[1 of 6] Compiling Data.MonoTraversable

src/Data/MonoTraversable.hs:48:1: warning: [-Wdodgy-imports]
    The import item ‘V1(..)’ suggests that
    ‘V1’ has (in-scope) constructors or class methods,
    but it has none
   |
48 | import           GHC.Generics         ((:.:), (:*:), (:+:)(..), K1(..), M1(..), Par1(..), Rec1(..), U1(..), V1(..))
   | ^^^^^^^^^^^^^^^^^^^^^^^^^^^^^^^^^^^^^^^^^^^^^^^^^^^^^^^^^^^^^^^^^^^^^^^^^^^^^^^^^^^^^^^^^^^^^^^^^^^^^^^^^^^^^^^^^^^

src/Data/MonoTraversable.hs:72:1: warning: [-Wdeprecations]
    Module ‘Control.Monad.Trans.List’ is deprecated:
      This transformer is invalid on most monads
   |
72 | import Control.Monad.Trans.List (ListT)
   | ^^^^^^^^^^^^^^^^^^^^^^^^^^^^^^^^^^^^^^^

src/Data/MonoTraversable.hs:128:24: warning: [-Wdeprecations]
    In the use of type constructor or class ‘ListT’
    (imported from Control.Monad.Trans.List):
    Deprecated: "This transformer is invalid on most monads"
    |
128 | type instance Element (ListT m a) = a
    |                        ^^^^^

src/Data/MonoTraversable.hs:198:36: warning: [-Wdeprecations]
    In the use of type constructor or class ‘ListT’
    (imported from Control.Monad.Trans.List):
    Deprecated: "This transformer is invalid on most monads"
    |
198 | instance Functor m => MonoFunctor (ListT m a)
    |                                    ^^^^^

src/Data/MonoTraversable.hs:801:40: warning: [-Wdeprecations]
    In the use of type constructor or class ‘ListT’
    (imported from Control.Monad.Trans.List):
    Deprecated: "This transformer is invalid on most monads"
    |
801 | instance F.Foldable f => MonoFoldable (ListT f a)
    |                                        ^^^^^

src/Data/MonoTraversable.hs:1099:44: warning: [-Wdeprecations]
    In the use of type constructor or class ‘ListT’
    (imported from Control.Monad.Trans.List):
    Deprecated: "This transformer is invalid on most monads"
     |
1099 | instance Traversable f => MonoTraversable (ListT f a)
     |                                            ^^^^^

src/Data/MonoTraversable.hs:1209:40: warning: [-Wdeprecations]
    In the use of type constructor or class ‘ListT’
    (imported from Control.Monad.Trans.List):
    Deprecated: "This transformer is invalid on most monads"
     |
1209 | instance Applicative m => MonoPointed (ListT m a)
     |                                        ^^^^^
[2 of 6] Compiling Data.Containers
[3 of 6] Compiling Data.MonoTraversable.Unprefixed
[4 of 6] Compiling Data.Sequences
[5 of 6] Compiling Data.NonNull
[6 of 6] Compiling Paths_mono_traversable
Installing library in /Users/mario/.stack/snapshots/x86_64-osx/d3e7af164d733ff8884728e5e4645879ab1ea6706d42eeca81ff0651336051ff/8.6.5/lib/x86_64-osx-ghc-8.6.5/mono-traversable-1.0.11.0-8M3TQpcdW723IGl5IJnp0p
Registering library for mono-traversable-1.0.11.0..
