Configuring sdl2-gfx-0.2...
Preprocessing library for sdl2-gfx-0.2..
Building library for sdl2-gfx-0.2..
[ 1 of 10] Compiling SDL.ExceptionHelper
[ 2 of 10] Compiling SDL.Raw.Helper
[ 3 of 10] Compiling SDL.Raw.Framerate

src/SDL/Raw/Framerate.hsc:41:1: warning: [-Wmissing-pattern-synonym-signatures]
    Pattern synonym with no type signature:
      pattern FPS_DEFAULT :: forall a. (Eq a, Num a) => a
   |
41 | pattern FPS_DEFAULT     = (#const FPS_DEFAULT)
   | ^^^^^^^^^^^^^^^^^^^^^^^^^^^^^^

src/SDL/Raw/Framerate.hsc:42:1: warning: [-Wmissing-pattern-synonym-signatures]
    Pattern synonym with no type signature:
      pattern FPS_LOWER_LIMIT :: forall a. (Eq a, Num a) => a
   |
42 | pattern FPS_LOWER_LIMIT = (#const FPS_LOWER_LIMIT)
   | ^^^^^^^^^^^^^^^^^^^^^^^^^^^^^

src/SDL/Raw/Framerate.hsc:43:1: warning: [-Wmissing-pattern-synonym-signatures]
    Pattern synonym with no type signature:
      pattern FPS_UPPER_LIMIT :: forall a. (Eq a, Num a) => a
   |
43 | pattern FPS_UPPER_LIMIT = (#const FPS_UPPER_LIMIT)
   | ^^^^^^^^^^^^^^^^^^^^^^^^^^^^^^^
[ 4 of 10] Compiling SDL.Framerate
[ 5 of 10] Compiling SDL.Raw.ImageFilter
[ 6 of 10] Compiling SDL.ImageFilter
[ 7 of 10] Compiling SDL.Raw.Primitive
[ 8 of 10] Compiling SDL.Primitive
[ 9 of 10] Compiling SDL.Raw.Rotozoom

src/SDL/Raw/Rotozoom.hsc:39:1: warning: [-Wmissing-pattern-synonym-signatures]
    Pattern synonym with no type signature:
      pattern SMOOTHING_OFF :: forall a. (Eq a, Num a) => a
   |
39 | pattern SMOOTHING_OFF = (#const SMOOTHING_OFF)
   | ^^^^^^^^^^^^^^^^^^^^^^^^^^^

src/SDL/Raw/Rotozoom.hsc:40:1: warning: [-Wmissing-pattern-synonym-signatures]
    Pattern synonym with no type signature:
      pattern SMOOTHING_ON :: forall a. (Eq a, Num a) => a
   |
40 | pattern SMOOTHING_ON  = (#const SMOOTHING_ON)
   | ^^^^^^^^^^^^^^^^^^^^^^^^^^^
[10 of 10] Compiling SDL.Rotozoom
Preprocessing executable 'sdl2-gfx-example' for sdl2-gfx-0.2..
Building executable 'sdl2-gfx-example' for sdl2-gfx-0.2..
[1 of 1] Compiling Main
Linking .stack-work/dist/x86_64-osx/Cabal-2.4.0.1/build/sdl2-gfx-example/sdl2-gfx-example ...
Installing library in /Users/mario/.stack/snapshots/x86_64-osx/d3e7af164d733ff8884728e5e4645879ab1ea6706d42eeca81ff0651336051ff/8.6.5/lib/x86_64-osx-ghc-8.6.5/sdl2-gfx-0.2-LIeWe9SFEnCF71JBPIVyhU
Installing executable sdl2-gfx-example in /Users/mario/.stack/snapshots/x86_64-osx/d3e7af164d733ff8884728e5e4645879ab1ea6706d42eeca81ff0651336051ff/8.6.5/bin
Registering library for sdl2-gfx-0.2..
