Configuring unordered-containers-0.2.9.0...
Preprocessing library for unordered-containers-0.2.9.0..
Building library for unordered-containers-0.2.9.0..
[1 of 8] Compiling Data.HashMap.List
[2 of 8] Compiling Data.HashMap.Unsafe
[3 of 8] Compiling Data.HashMap.Array

Data/HashMap/Array.hs:89:1-9: warning: [-Wmissing-signatures]
    Top-level binding with no type signature:
      newArray# :: ghc-prim-0.5.3:GHC.Prim.Int#
                   -> a
                   -> ghc-prim-0.5.3:GHC.Prim.State# d
                   -> (# ghc-prim-0.5.3:GHC.Prim.State# d, SmallMutableArray# d a #)
   |
89 | newArray# = newSmallArray#
   | ^^^^^^^^^

Data/HashMap/Array.hs:90:1-10: warning: [-Wmissing-signatures]
    Top-level binding with no type signature:
      readArray# :: SmallMutableArray# d a
                    -> ghc-prim-0.5.3:GHC.Prim.Int#
                    -> ghc-prim-0.5.3:GHC.Prim.State# d
                    -> (# ghc-prim-0.5.3:GHC.Prim.State# d, a #)
   |
90 | readArray# = readSmallArray#
   | ^^^^^^^^^^

Data/HashMap/Array.hs:91:1-11: warning: [-Wmissing-signatures]
    Top-level binding with no type signature:
      writeArray# :: SmallMutableArray# d a
                     -> ghc-prim-0.5.3:GHC.Prim.Int#
                     -> a
                     -> ghc-prim-0.5.3:GHC.Prim.State# d
                     -> ghc-prim-0.5.3:GHC.Prim.State# d
   |
91 | writeArray# = writeSmallArray#
   | ^^^^^^^^^^^

Data/HashMap/Array.hs:92:1-11: warning: [-Wmissing-signatures]
    Top-level binding with no type signature:
      indexArray# :: SmallArray# a
                     -> ghc-prim-0.5.3:GHC.Prim.Int# -> (# a #)
   |
92 | indexArray# = indexSmallArray#
   | ^^^^^^^^^^^

Data/HashMap/Array.hs:93:1-18: warning: [-Wmissing-signatures]
    Top-level binding with no type signature:
      unsafeFreezeArray# :: SmallMutableArray# d a
                            -> ghc-prim-0.5.3:GHC.Prim.State# d
                            -> (# ghc-prim-0.5.3:GHC.Prim.State# d, SmallArray# a #)
   |
93 | unsafeFreezeArray# = unsafeFreezeSmallArray#
   | ^^^^^^^^^^^^^^^^^^

Data/HashMap/Array.hs:94:1-16: warning: [-Wmissing-signatures]
    Top-level binding with no type signature:
      unsafeThawArray# :: SmallArray# a
                          -> ghc-prim-0.5.3:GHC.Prim.State# d
                          -> (# ghc-prim-0.5.3:GHC.Prim.State# d, SmallMutableArray# d a #)
   |
94 | unsafeThawArray# = unsafeThawSmallArray#
   | ^^^^^^^^^^^^^^^^

Data/HashMap/Array.hs:95:1-12: warning: [-Wmissing-signatures]
    Top-level binding with no type signature:
      sizeofArray# :: SmallArray# a -> ghc-prim-0.5.3:GHC.Prim.Int#
   |
95 | sizeofArray# = sizeofSmallArray#
   | ^^^^^^^^^^^^

Data/HashMap/Array.hs:96:1-10: warning: [-Wmissing-signatures]
    Top-level binding with no type signature:
      copyArray# :: SmallArray# a
                    -> ghc-prim-0.5.3:GHC.Prim.Int#
                    -> SmallMutableArray# d a
                    -> ghc-prim-0.5.3:GHC.Prim.Int#
                    -> ghc-prim-0.5.3:GHC.Prim.Int#
                    -> ghc-prim-0.5.3:GHC.Prim.State# d
                    -> ghc-prim-0.5.3:GHC.Prim.State# d
   |
96 | copyArray# = copySmallArray#
   | ^^^^^^^^^^

Data/HashMap/Array.hs:97:1-10: warning: [-Wmissing-signatures]
    Top-level binding with no type signature:
      thawArray# :: SmallArray# a
                    -> ghc-prim-0.5.3:GHC.Prim.Int#
                    -> ghc-prim-0.5.3:GHC.Prim.Int#
                    -> ghc-prim-0.5.3:GHC.Prim.State# d
                    -> (# ghc-prim-0.5.3:GHC.Prim.State# d, SmallMutableArray# d a #)
   |
97 | thawArray# = thawSmallArray#
   | ^^^^^^^^^^

Data/HashMap/Array.hs:98:1-19: warning: [-Wmissing-signatures]
    Top-level binding with no type signature:
      sizeofMutableArray# :: SmallMutableArray# d a
                             -> ghc-prim-0.5.3:GHC.Prim.Int#
   |
98 | sizeofMutableArray# = sizeofSmallMutableArray#
   | ^^^^^^^^^^^^^^^^^^^

Data/HashMap/Array.hs:99:1-17: warning: [-Wmissing-signatures]
    Top-level binding with no type signature:
      copyMutableArray# :: SmallMutableArray# d a
                           -> ghc-prim-0.5.3:GHC.Prim.Int#
                           -> SmallMutableArray# d a
                           -> ghc-prim-0.5.3:GHC.Prim.Int#
                           -> ghc-prim-0.5.3:GHC.Prim.Int#
                           -> ghc-prim-0.5.3:GHC.Prim.State# d
                           -> ghc-prim-0.5.3:GHC.Prim.State# d
   |
99 | copyMutableArray# = copySmallMutableArray#
   | ^^^^^^^^^^^^^^^^^
[4 of 8] Compiling Data.HashMap.UnsafeShift
[5 of 8] Compiling Data.HashMap.Base
[6 of 8] Compiling Data.HashMap.Strict
[7 of 8] Compiling Data.HashMap.Lazy
[8 of 8] Compiling Data.HashSet
Installing library in /Users/mario/.stack/snapshots/x86_64-osx/d3e7af164d733ff8884728e5e4645879ab1ea6706d42eeca81ff0651336051ff/8.6.5/lib/x86_64-osx-ghc-8.6.5/unordered-containers-0.2.9.0-I6OVG4HR3i6hFXdo933Hb
Registering library for unordered-containers-0.2.9.0..
